<?xml version="1.0" encoding="UTF-8"?>
<!-- Generated by org.testng.reporters.JUnitXMLReporter -->
<testsuite hostname="SW-LP10354.local" ignored="2" name="SmokeTests" tests="5" failures="0" timestamp="2020-01-14T00:10:03 IST" time="15.692" errors="0">
  <testcase name="GetAPI_getBooking_existingBooking_matches" time="4.227" classname="com.assignment.tests.bookingController.BookingController_PostiveCases"/>
  <testcase name="GetAPI_getBookings_twoBookingsReturned" time="4.535" classname="com.assignment.tests.bookingController.BookingController_PostiveCases"/>
  <testcase name="PostAPI_createBooking_booking_canBeCreated" time="1.791" classname="com.assignment.tests.bookingController.BookingController_PostiveCases"/>
  <testcase name="PostAPI_createBooking_checkOutDate_greaterThen_checkInDate" time="1.604" classname="com.assignment.tests.bookingController.BookingController_NegativeCases"/>
  <testcase name="PostAPI_createBooking_moreThenOnceInDay" time="3.202" classname="com.assignment.tests.bookingController.BookingController_NegativeCases"/>
  <testcase name="@BeforeSuite beforeSuite" time="0.0" classname="com.assignment.tests.helpers.bookingController.BookingControllerSetupHelper">
    <ignored/>
  </testcase> <!-- @BeforeSuite beforeSuite -->
  <testcase name="@AfterSuite afterSuite" time="0.0" classname="com.assignment.tests.helpers.bookingController.BookingControllerSetupHelper">
    <ignored/>
  </testcase> <!-- @AfterSuite afterSuite -->
</testsuite> <!-- SmokeTests -->
