<?xml version="1.0" encoding="UTF-8"?>
<testsuite xmlns:xsi="http://www.w3.org/2001/XMLSchema-instance" xsi:noNamespaceSchemaLocation="https://maven.apache.org/surefire/maven-surefire-plugin/xsd/surefire-test-report.xsd" name="TestSuite" time="16.321" tests="5" errors="0" skipped="0" failures="0">
  <properties>
[...]
</properties>
  <testcase name="GetAPI_getBooking_existingBooking_matches" classname="com.assignment.tests.bookingController.BookingController_PostiveCases" time="4.229"/>
  <testcase name="GetAPI_getBookings_twoBookingsReturned" classname="com.assignment.tests.bookingController.BookingController_PostiveCases" time="4.535"/>
  <testcase name="PostAPI_createBooking_booking_canBeCreated" classname="com.assignment.tests.bookingController.BookingController_PostiveCases" time="1.791"/>
  <testcase name="PostAPI_createBooking_checkOutDate_greaterThen_checkInDate" classname="com.assignment.tests.bookingController.BookingController_NegativeCases" time="1.604"/>
  <testcase name="PostAPI_createBooking_moreThenOnceInDay" classname="com.assignment.tests.bookingController.BookingController_NegativeCases" time="3.203"/>
</testsuite>